Using pre-set license
Built from '2020.3/release' branch; Version is '2020.3.15f2 (6cf78cb77498) revision 7141260'; Using compiler version '192528614'; Build Type 'Release'
OS: 'Windows 10 Pro; OS build 19042.1151; Version 2009; 64bit' Language: 'en' Physical Memory: 7103 MB
BatchMode: 1, IsHumanControllingUs: 0, StartBugReporterOnCrash: 0, Is64bit: 1, IsPro: 0

 COMMAND LINE ARGUMENTS:
C:\Program Files\Unity\Hub\Editor\2020.3.15f2\Editor\Unity.exe
-adb2
-batchMode
-noUpm
-name
AssetImportWorker0
-projectPath
C:/Users/Matriculus/GitHub/2DShooter
-logFile
Logs/AssetImportWorker0.log
-srvPort
59230
Successfully changed project path to: C:/Users/Matriculus/GitHub/2DShooter
C:/Users/Matriculus/GitHub/2DShooter
Using Asset Import Pipeline V2.
Refreshing native plugins compatible for Editor in 100.38 ms, found 3 plugins.
Preloading 0 native plugins for Editor in 0.00 ms.
Initialize engine version: 2020.3.15f2 (6cf78cb77498)
[Subsystems] Discovering subsystems at path C:/Program Files/Unity/Hub/Editor/2020.3.15f2/Editor/Data/Resources/UnitySubsystems
[Subsystems] Discovering subsystems at path C:/Users/Matriculus/GitHub/2DShooter/Assets
GfxDevice: creating device client; threaded=0
Direct3D:
    Version:  Direct3D 11.0 [level 11.1]
    Renderer: AMD Radeon(TM) Vega 8 Graphics (ID=0x15d8)
    Vendor:   
    VRAM:     3551 MB
    Driver:   26.20.11030.22001
Initialize mono
Mono path[0] = 'C:/Program Files/Unity/Hub/Editor/2020.3.15f2/Editor/Data/Managed'
Mono path[1] = 'C:/Program Files/Unity/Hub/Editor/2020.3.15f2/Editor/Data/MonoBleedingEdge/lib/mono/unityjit'
Mono config path = 'C:/Program Files/Unity/Hub/Editor/2020.3.15f2/Editor/Data/MonoBleedingEdge/etc'
Using monoOptions --debugger-agent=transport=dt_socket,embedding=1,server=y,suspend=n,address=127.0.0.1:56176
Begin MonoManager ReloadAssembly
Registering precompiled unity dll's ...
Register platform support module: C:/Program Files/Unity/Hub/Editor/2020.3.15f2/Editor/Data/PlaybackEngines/WebGLSupport/UnityEditor.WebGL.Extensions.dll
Register platform support module: C:/Program Files/Unity/Hub/Editor/2020.3.15f2/Editor/Data/PlaybackEngines/MacStandaloneSupport/UnityEditor.OSXStandalone.Extensions.dll
Register platform support module: C:/Program Files/Unity/Hub/Editor/2020.3.15f2/Editor/Data/PlaybackEngines/WindowsStandaloneSupport/UnityEditor.WindowsStandalone.Extensions.dll
Register platform support module: C:/Program Files/Unity/Hub/Editor/2020.3.15f2/Editor/Data/PlaybackEngines/LinuxStandaloneSupport/UnityEditor.LinuxStandalone.Extensions.dll
Registered in 0.005882 seconds.
Native extension for LinuxStandalone target not found
Native extension for WindowsStandalone target not found
Native extension for OSXStandalone target not found
Native extension for WebGL target not found
Refreshing native plugins compatible for Editor in 97.56 ms, found 3 plugins.
Preloading 0 native plugins for Editor in 0.00 ms.
Mono: successfully reloaded assembly
- Completed reload, in  4.272 seconds
Domain Reload Profiling:
	ReloadAssembly (4273ms)
		BeginReloadAssembly (120ms)
			ExecutionOrderSort (0ms)
			DisableScriptedObjects (0ms)
			BackupInstance (0ms)
			ReleaseScriptingObjects (0ms)
			CreateAndSetChildDomain (2ms)
		EndReloadAssembly (995ms)
			LoadAssemblies (117ms)
			RebuildTransferFunctionScriptingTraits (0ms)
			SetupTypeCache (360ms)
			ReleaseScriptCaches (0ms)
			RebuildScriptCaches (74ms)
			SetupLoadedEditorAssemblies (385ms)
				LogAssemblyErrors (0ms)
				InitializePlatformSupportModulesInManaged (17ms)
				SetLoadedEditorAssemblies (0ms)
				RefreshPlugins (98ms)
				BeforeProcessingInitializeOnLoad (33ms)
				ProcessInitializeOnLoadAttributes (166ms)
				ProcessInitializeOnLoadMethodAttributes (70ms)
				AfterProcessingInitializeOnLoad (0ms)
				EditorAssembliesLoaded (1ms)
			ExecutionOrderSort2 (0ms)
			AwakeInstancesAfterBackupRestoration (0ms)
Platform modules already initialized, skipping
Registering precompiled user dll's ...
Registered in 0.012753 seconds.
Begin MonoManager ReloadAssembly
Native extension for LinuxStandalone target not found
Native extension for WindowsStandalone target not found
Native extension for OSXStandalone target not found
Native extension for WebGL target not found
Refreshing native plugins compatible for Editor in 147.18 ms, found 3 plugins.
Preloading 0 native plugins for Editor in 0.00 ms.
Mono: successfully reloaded assembly
- Completed reload, in  3.381 seconds
Domain Reload Profiling:
	ReloadAssembly (3383ms)
		BeginReloadAssembly (323ms)
			ExecutionOrderSort (0ms)
			DisableScriptedObjects (10ms)
			BackupInstance (0ms)
			ReleaseScriptingObjects (0ms)
			CreateAndSetChildDomain (39ms)
		EndReloadAssembly (2903ms)
			LoadAssemblies (221ms)
			RebuildTransferFunctionScriptingTraits (0ms)
			SetupTypeCache (785ms)
			ReleaseScriptCaches (1ms)
			RebuildScriptCaches (159ms)
			SetupLoadedEditorAssemblies (1275ms)
				LogAssemblyErrors (0ms)
				InitializePlatformSupportModulesInManaged (22ms)
				SetLoadedEditorAssemblies (1ms)
				RefreshPlugins (147ms)
				BeforeProcessingInitializeOnLoad (289ms)
				ProcessInitializeOnLoadAttributes (776ms)
				ProcessInitializeOnLoadMethodAttributes (27ms)
				AfterProcessingInitializeOnLoad (13ms)
				EditorAssembliesLoaded (0ms)
			ExecutionOrderSort2 (0ms)
			AwakeInstancesAfterBackupRestoration (14ms)
Platform modules already initialized, skipping
========================================================================
Worker process is ready to serve import requests
Launched and connected shader compiler UnityShaderCompiler.exe after 0.16 seconds
Refreshing native plugins compatible for Editor in 1.33 ms, found 3 plugins.
Preloading 0 native plugins for Editor in 0.00 ms.
Unloading 2418 Unused Serialized files (Serialized files now loaded: 0)
System memory in use before: 105.3 MB.
System memory in use after: 105.4 MB.

Unloading 35 unused Assets to reduce memory usage. Loaded Objects now: 2855.
Total: 7.902100 ms (FindLiveObjects: 0.643400 ms CreateObjectMapping: 0.206600 ms MarkObjects: 6.679100 ms  DeleteObjects: 0.369200 ms)

AssetImportParameters requested are different than current active one (requested -> active):
  custom:framework-win-MediaFoundation: 216162199b28c13a410421893ffa2e32 -> 
  custom:video-decoder-ogg-theora: a1e56fd34408186e4bbccfd4996cb3dc -> 
  custom:container-muxer-webm: aa71ff27fc2769a1b78a27578f13a17b -> 
  custom:container-demuxer-webm: 4f35f7cbe854078d1ac9338744f61a02 -> 
  custom:container-demuxer-ogg: 62fdf1f143b41e24485cea50d1cbac27 -> 
  custom:video-encoder-webm-vp8: eb34c28f22e8b96e1ab97ce403110664 -> 
  custom:video-decoder-webm-vp8: 9c59270c3fd7afecdb556c50c9e8de78 -> 
  custom:audio-decoder-ogg-vorbis: bf7c407c2cedff20999df2af8eb42d56 -> 
  custom:audio-encoder-webm-vorbis: bf7c407c2cedff20999df2af8eb42d56 -> 
========================================================================
Received Import Request.
  path: Assets/Art/Environment/Nebula/B_NebulaWithStars.png
  artifactKey: Guid(b4e3ebc3a3adfaf4b8d4dc5b6ac88c2d) Importer(815301076,1909f56bfc062723c751e8b465ee728b)
Start importing Assets/Art/Environment/Nebula/B_NebulaWithStars.png using Guid(b4e3ebc3a3adfaf4b8d4dc5b6ac88c2d) Importer(815301076,1909f56bfc062723c751e8b465ee728b)  -> (artifact id: '22337e156b8f88a2e46237a67d4f3fe6') in 0.257393 seconds 
  Import took 0.276532 seconds .

========================================================================
Received Import Request.
  Time since last request: 0.000693 seconds.
  path: Assets/Art/Environment/Space_Stations/AlienSpaceStation.png
  artifactKey: Guid(6122e7d6bb61d574088b0d5cfe631cee) Importer(815301076,1909f56bfc062723c751e8b465ee728b)
Start importing Assets/Art/Environment/Space_Stations/AlienSpaceStation.png using Guid(6122e7d6bb61d574088b0d5cfe631cee) Importer(815301076,1909f56bfc062723c751e8b465ee728b)  -> (artifact id: '68436807b8fdd4594b582c4f02674aa6') in 0.037591 seconds 
  Import took 0.044708 seconds .

========================================================================
Received Import Request.
  Time since last request: 0.000667 seconds.
  path: Assets/Art/Environment/BlackBackground.png
  artifactKey: Guid(f70734a85c284da42bec06ccedce9090) Importer(815301076,1909f56bfc062723c751e8b465ee728b)
Start importing Assets/Art/Environment/BlackBackground.png using Guid(f70734a85c284da42bec06ccedce9090) Importer(815301076,1909f56bfc062723c751e8b465ee728b)  -> (artifact id: 'a628ebaed086aaef38d4abcd4207964f') in 0.034651 seconds 
  Import took 0.041792 seconds .

========================================================================
Received Import Request.
  Time since last request: 0.000394 seconds.
  path: Assets/Art/Environment/Planets/Big/BigRedPlanet.png
  artifactKey: Guid(1482be5ae96b10b4591a43ea2814ff44) Importer(815301076,1909f56bfc062723c751e8b465ee728b)
Start importing Assets/Art/Environment/Planets/Big/BigRedPlanet.png using Guid(1482be5ae96b10b4591a43ea2814ff44) Importer(815301076,1909f56bfc062723c751e8b465ee728b)  -> (artifact id: '232c6e75e9d7a482b8a4dfa9277b528c') in 0.034268 seconds 
  Import took 0.041612 seconds .

========================================================================
Received Import Request.
  Time since last request: 0.000487 seconds.
  path: Assets/Art/Environment/Background/D_CompleteSpaceBackground.png
  artifactKey: Guid(83a6485a1f622b84698ed5c290185857) Importer(815301076,1909f56bfc062723c751e8b465ee728b)
Start importing Assets/Art/Environment/Background/D_CompleteSpaceBackground.png using Guid(83a6485a1f622b84698ed5c290185857) Importer(815301076,1909f56bfc062723c751e8b465ee728b)  -> (artifact id: '88f51b4e47fffe97978efe5002021841') in 0.040452 seconds 
  Import took 0.047879 seconds .

========================================================================
Received Import Request.
  Time since last request: 0.000387 seconds.
  path: Assets/Art/Player/PlayerThrust.png
  artifactKey: Guid(7d9d31dea0a387948869157a6d1ded61) Importer(815301076,1909f56bfc062723c751e8b465ee728b)
Start importing Assets/Art/Player/PlayerThrust.png using Guid(7d9d31dea0a387948869157a6d1ded61) Importer(815301076,1909f56bfc062723c751e8b465ee728b)  -> (artifact id: '1a5a4f7c8a42d7a41cf77372c8e0456d') in 0.066716 seconds 
  Import took 0.074667 seconds .

========================================================================
Received Import Request.
  Time since last request: 0.000572 seconds.
  path: Assets/Art/Enemies/Enemy Explosion.png
  artifactKey: Guid(790dc606b14380e438b0f28615f3320d) Importer(815301076,1909f56bfc062723c751e8b465ee728b)
Start importing Assets/Art/Enemies/Enemy Explosion.png using Guid(790dc606b14380e438b0f28615f3320d) Importer(815301076,1909f56bfc062723c751e8b465ee728b)  -> (artifact id: '964b1239f6a7fa578cd66c007b40653a') in 0.058269 seconds 
  Import took 0.064808 seconds .

========================================================================
Received Import Request.
  Time since last request: 0.000402 seconds.
  path: Assets/Art/Environment/Planets/Medium/Medium_DryPlanet.png
  artifactKey: Guid(6d71081ad7e16e14eb017e1c476b26c1) Importer(815301076,1909f56bfc062723c751e8b465ee728b)
Start importing Assets/Art/Environment/Planets/Medium/Medium_DryPlanet.png using Guid(6d71081ad7e16e14eb017e1c476b26c1) Importer(815301076,1909f56bfc062723c751e8b465ee728b)  -> (artifact id: '5f52b1ca323f6189c4fb70b1abb8e87a') in 0.036506 seconds 
  Import took 0.044227 seconds .

========================================================================
Received Import Request.
  Time since last request: 0.000589 seconds.
  path: Assets/Art/Environment/Planets/Small/Small_RedPlanet.png
  artifactKey: Guid(bde67ff6ce395eb4f9d9bf450652279a) Importer(815301076,1909f56bfc062723c751e8b465ee728b)
Start importing Assets/Art/Environment/Planets/Small/Small_RedPlanet.png using Guid(bde67ff6ce395eb4f9d9bf450652279a) Importer(815301076,1909f56bfc062723c751e8b465ee728b)  -> (artifact id: '0e38342e88bf991a1f5ac0cd5e8a38d4') in 0.036483 seconds 
  Import took 0.044257 seconds .

========================================================================
Received Import Request.
  Time since last request: 0.000417 seconds.
  path: Assets/Art/Environment/Planets/Small/Small_RingedYellowPlanet.png
  artifactKey: Guid(e0f6b587db01bbf4283e16d4461829f5) Importer(815301076,1909f56bfc062723c751e8b465ee728b)
Start importing Assets/Art/Environment/Planets/Small/Small_RingedYellowPlanet.png using Guid(e0f6b587db01bbf4283e16d4461829f5) Importer(815301076,1909f56bfc062723c751e8b465ee728b)  -> (artifact id: '7c7b42646432d2bcafd893583149af30') in 0.032632 seconds 
  Import took 0.039575 seconds .

========================================================================
Received Import Request.
  Time since last request: 0.000363 seconds.
  path: Assets/Art/Environment/Planets/Medium/Medium_GreyPlanet.png
  artifactKey: Guid(8da5428f56edaf849afef08e28efb21f) Importer(815301076,1909f56bfc062723c751e8b465ee728b)
Start importing Assets/Art/Environment/Planets/Medium/Medium_GreyPlanet.png using Guid(8da5428f56edaf849afef08e28efb21f) Importer(815301076,1909f56bfc062723c751e8b465ee728b)  -> (artifact id: 'b8bdeea7d9eec2a9237b5dac2c9ca08c') in 0.029247 seconds 
  Import took 0.036798 seconds .

========================================================================
Received Import Request.
  Time since last request: 0.000365 seconds.
  path: Assets/Art/Environment/Asteroids/Asteroid_2.png
  artifactKey: Guid(8cd1ce63671ab5f48befe7ba355731fb) Importer(815301076,1909f56bfc062723c751e8b465ee728b)
Start importing Assets/Art/Environment/Asteroids/Asteroid_2.png using Guid(8cd1ce63671ab5f48befe7ba355731fb) Importer(815301076,1909f56bfc062723c751e8b465ee728b)  -> (artifact id: 'dbb0a5909df3f82209af983b193bc6e6') in 0.035509 seconds 
  Import took 0.042790 seconds .

========================================================================
Received Import Request.
  Time since last request: 0.000486 seconds.
  path: Assets/Art/Projectiles/Enemy Projectiles/Straight Projectile/Enemy_StraightProjectile.png
  artifactKey: Guid(e7e0a76a7d54dde42b1f5560acf51139) Importer(815301076,1909f56bfc062723c751e8b465ee728b)
Start importing Assets/Art/Projectiles/Enemy Projectiles/Straight Projectile/Enemy_StraightProjectile.png using Guid(e7e0a76a7d54dde42b1f5560acf51139) Importer(815301076,1909f56bfc062723c751e8b465ee728b)  -> (artifact id: 'b496d42fc9e6603e316673479927ac51') in 0.055966 seconds 
  Import took 0.064105 seconds .

========================================================================
Received Import Request.
  Time since last request: 0.000502 seconds.
  path: Assets/Art/Environment/Planets/Small/Small_RingedYellowPlanet.png
  artifactKey: Guid(e0f6b587db01bbf4283e16d4461829f5) Importer(815301076,1909f56bfc062723c751e8b465ee728b)
Start importing Assets/Art/Environment/Planets/Small/Small_RingedYellowPlanet.png using Guid(e0f6b587db01bbf4283e16d4461829f5) Importer(815301076,1909f56bfc062723c751e8b465ee728b)  -> (artifact id: '7c7b42646432d2bcafd893583149af30') in 0.020731 seconds 
  Import took 0.028205 seconds .

========================================================================
Received Import Request.
  Time since last request: 0.000427 seconds.
  path: Assets/Art/Environment/Planets/Small/Small_DarkRedPlanet.png
  artifactKey: Guid(0c8772dbf1f381b40928d62549c96d7d) Importer(815301076,1909f56bfc062723c751e8b465ee728b)
Start importing Assets/Art/Environment/Planets/Small/Small_DarkRedPlanet.png using Guid(0c8772dbf1f381b40928d62549c96d7d) Importer(815301076,1909f56bfc062723c751e8b465ee728b)  -> (artifact id: '35334aac9eca49b74be918fa4612f42d') in 0.034360 seconds 
  Import took 0.042275 seconds .

========================================================================
Received Import Request.
  Time since last request: 0.000404 seconds.
  path: Assets/Art/Environment/Space_Stations/Small_SpaceStation.png
  artifactKey: Guid(4e05e5077f5fddd46974ac76c5e4ec28) Importer(815301076,1909f56bfc062723c751e8b465ee728b)
Start importing Assets/Art/Environment/Space_Stations/Small_SpaceStation.png using Guid(4e05e5077f5fddd46974ac76c5e4ec28) Importer(815301076,1909f56bfc062723c751e8b465ee728b)  -> (artifact id: 'bf25af1d3887ff01622d48121b6a7199') in 0.031868 seconds 
  Import took 0.039303 seconds .

========================================================================
Received Import Request.
  Time since last request: 0.000353 seconds.
  path: Assets/Art/Environment/Planets/Big/BigBluePlanet.png
  artifactKey: Guid(5a447b005acf82d4fb1296bf3d965075) Importer(815301076,1909f56bfc062723c751e8b465ee728b)
Start importing Assets/Art/Environment/Planets/Big/BigBluePlanet.png using Guid(5a447b005acf82d4fb1296bf3d965075) Importer(815301076,1909f56bfc062723c751e8b465ee728b)  -> (artifact id: '82335e99cf2628d2be400325eb259452') in 0.033235 seconds 
  Import took 0.040918 seconds .

========================================================================
Received Import Request.
  Time since last request: 0.000412 seconds.
  path: Assets/Art/Environment/Space_Stations/Small_SpaceStation.png
  artifactKey: Guid(4e05e5077f5fddd46974ac76c5e4ec28) Importer(815301076,1909f56bfc062723c751e8b465ee728b)
Start importing Assets/Art/Environment/Space_Stations/Small_SpaceStation.png using Guid(4e05e5077f5fddd46974ac76c5e4ec28) Importer(815301076,1909f56bfc062723c751e8b465ee728b)  -> (artifact id: 'bf25af1d3887ff01622d48121b6a7199') in 0.020022 seconds 
  Import took 0.027373 seconds .

========================================================================
Received Import Request.
  Time since last request: 0.000357 seconds.
  path: Assets/Art/Environment/Background/C_CompleteSpaceBackground.png
  artifactKey: Guid(fef74fd6848227d4cb2c7dc988158669) Importer(815301076,1909f56bfc062723c751e8b465ee728b)
Start importing Assets/Art/Environment/Background/C_CompleteSpaceBackground.png using Guid(fef74fd6848227d4cb2c7dc988158669) Importer(815301076,1909f56bfc062723c751e8b465ee728b)  -> (artifact id: '34902233b0532ad473dbca73552900e9') in 0.036149 seconds 
  Import took 0.044001 seconds .

========================================================================
Received Import Request.
  Time since last request: 0.000533 seconds.
  path: Assets/Art/Environment/Planets/Medium/Medium_BluePlanet.png
  artifactKey: Guid(51862a871a02b3a44a68817ccc5ddb5b) Importer(815301076,1909f56bfc062723c751e8b465ee728b)
Start importing Assets/Art/Environment/Planets/Medium/Medium_BluePlanet.png using Guid(51862a871a02b3a44a68817ccc5ddb5b) Importer(815301076,1909f56bfc062723c751e8b465ee728b)  -> (artifact id: 'ec15690a04c21eba70a9850ee17a37b5') in 0.030837 seconds 
  Import took 0.037459 seconds .

========================================================================
Received Import Request.
  Time since last request: 0.000500 seconds.
  path: Assets/Art/Environment/Space_Stations/PyramidSpaceStation.png
  artifactKey: Guid(71442189984d4f74cb07d468e1774b42) Importer(815301076,1909f56bfc062723c751e8b465ee728b)
Start importing Assets/Art/Environment/Space_Stations/PyramidSpaceStation.png using Guid(71442189984d4f74cb07d468e1774b42) Importer(815301076,1909f56bfc062723c751e8b465ee728b)  -> (artifact id: '6e91abf898793c73e14e27c3056e2b7e') in 0.034063 seconds 
  Import took 0.041943 seconds .

========================================================================
Received Import Request.
  Time since last request: 0.000401 seconds.
  path: Assets/Art/Environment/Nebula/C_NebulaWithStars.png
  artifactKey: Guid(e2a79297fd9ed5a419bff78a94576cdd) Importer(815301076,1909f56bfc062723c751e8b465ee728b)
Start importing Assets/Art/Environment/Nebula/C_NebulaWithStars.png using Guid(e2a79297fd9ed5a419bff78a94576cdd) Importer(815301076,1909f56bfc062723c751e8b465ee728b)  -> (artifact id: '6d7c36ca0de15b2d8b8d3e4bb95e5767') in 0.038610 seconds 
  Import took 0.046706 seconds .

========================================================================
Received Import Request.
  Time since last request: 0.000524 seconds.
  path: Assets/Art/Environment/Asteroids/Asteroid_1.png
  artifactKey: Guid(2ccba72608070304e92cd97ed9e5bce8) Importer(815301076,1909f56bfc062723c751e8b465ee728b)
Start importing Assets/Art/Environment/Asteroids/Asteroid_1.png using Guid(2ccba72608070304e92cd97ed9e5bce8) Importer(815301076,1909f56bfc062723c751e8b465ee728b)  -> (artifact id: '4dbc1edb51e1039de38ee27ebf4d06b6') in 0.030820 seconds 
  Import took 0.038481 seconds .

========================================================================
Received Import Request.
  Time since last request: 0.000454 seconds.
  path: Assets/Art/Projectiles/Enemy Projectiles/Diagonal Projectile/Enemy_DiagonalProjectile.png
  artifactKey: Guid(829802171728a9c45b9320eabb446083) Importer(815301076,1909f56bfc062723c751e8b465ee728b)
Start importing Assets/Art/Projectiles/Enemy Projectiles/Diagonal Projectile/Enemy_DiagonalProjectile.png using Guid(829802171728a9c45b9320eabb446083) Importer(815301076,1909f56bfc062723c751e8b465ee728b)  -> (artifact id: 'd60d934e34c51423a587bf8bd86947ce') in 0.041035 seconds 
  Import took 0.047943 seconds .

========================================================================
Received Import Request.
  Time since last request: 0.000419 seconds.
  path: Assets/Art/Environment/Nebula/A_NebulaWithStars.png
  artifactKey: Guid(2e89434afebd11c448fc78c161edf2ac) Importer(815301076,1909f56bfc062723c751e8b465ee728b)
Start importing Assets/Art/Environment/Nebula/A_NebulaWithStars.png using Guid(2e89434afebd11c448fc78c161edf2ac) Importer(815301076,1909f56bfc062723c751e8b465ee728b)  -> (artifact id: '57759d29654d5d073a22893e47b182aa') in 0.035178 seconds 
  Import took 0.042201 seconds .

========================================================================
Received Import Request.
  Time since last request: 0.000398 seconds.
  path: Assets/Art/Environment/Planets/Small/Small_GreenPlanet.png
  artifactKey: Guid(96681c3069e348a4097856e8b3b7268e) Importer(815301076,1909f56bfc062723c751e8b465ee728b)
Start importing Assets/Art/Environment/Planets/Small/Small_GreenPlanet.png using Guid(96681c3069e348a4097856e8b3b7268e) Importer(815301076,1909f56bfc062723c751e8b465ee728b)  -> (artifact id: '607c9d117211b0897efa2df0a883d29a') in 0.037259 seconds 
  Import took 0.043553 seconds .

========================================================================
Received Import Request.
  Time since last request: 0.000532 seconds.
  path: Assets/Art/Environment/Black_Holes/MoreAccurate_Blackhole.png
  artifactKey: Guid(c68b01210d6bdea4699de6158a3aeca2) Importer(815301076,1909f56bfc062723c751e8b465ee728b)
Start importing Assets/Art/Environment/Black_Holes/MoreAccurate_Blackhole.png using Guid(c68b01210d6bdea4699de6158a3aeca2) Importer(815301076,1909f56bfc062723c751e8b465ee728b)  -> (artifact id: '817d9f180d4c4280cde2fb54f5fcb088') in 0.031466 seconds 
  Import took 0.039135 seconds .

========================================================================
Received Import Request.
  Time since last request: 0.000407 seconds.
  path: Assets/Art/Environment/Planets/Small/Small_BrownPlanet.png
  artifactKey: Guid(ecdae4ab0c633394794cfa3f72994423) Importer(815301076,1909f56bfc062723c751e8b465ee728b)
Start importing Assets/Art/Environment/Planets/Small/Small_BrownPlanet.png using Guid(ecdae4ab0c633394794cfa3f72994423) Importer(815301076,1909f56bfc062723c751e8b465ee728b)  -> (artifact id: '6ec61900b65e5cb317abd15e3c6ba4cd') in 0.030635 seconds 
  Import took 0.036841 seconds .

========================================================================
Received Import Request.
  Time since last request: 0.000469 seconds.
  path: Assets/Art/UI Elements/Buttons/UIButton.png
  artifactKey: Guid(018cd37590e3e2341a620241eacc4e09) Importer(815301076,1909f56bfc062723c751e8b465ee728b)
Start importing Assets/Art/UI Elements/Buttons/UIButton.png using Guid(018cd37590e3e2341a620241eacc4e09) Importer(815301076,1909f56bfc062723c751e8b465ee728b)  -> (artifact id: '9ef7972fa9c6f4416d3b1e2f42aba362') in 0.036175 seconds 
  Import took 0.044050 seconds .

========================================================================
Received Import Request.
  Time since last request: 0.000372 seconds.
  path: Assets/Art/Player/Player Explosion.png
  artifactKey: Guid(4725ed97d9773de4eae47eb9ce8e247d) Importer(815301076,1909f56bfc062723c751e8b465ee728b)
Start importing Assets/Art/Player/Player Explosion.png using Guid(4725ed97d9773de4eae47eb9ce8e247d) Importer(815301076,1909f56bfc062723c751e8b465ee728b)  -> (artifact id: '9ab66b8e80ac537e71a8190de4374ad8') in 0.073520 seconds 
  Import took 0.083076 seconds .

========================================================================
Received Import Request.
  Time since last request: 0.000691 seconds.
  path: Assets/Art/Environment/Asteroids/Asteroid_3.png
  artifactKey: Guid(b84f96fadef25e248a3fef5b3c23a17b) Importer(815301076,1909f56bfc062723c751e8b465ee728b)
Start importing Assets/Art/Environment/Asteroids/Asteroid_3.png using Guid(b84f96fadef25e248a3fef5b3c23a17b) Importer(815301076,1909f56bfc062723c751e8b465ee728b)  -> (artifact id: 'd7ac2c628eb4095c45104deac9cc155b') in 0.032056 seconds 
  Import took 0.038368 seconds .

========================================================================
Received Import Request.
  Time since last request: 0.000392 seconds.
  path: Assets/Art/Environment/Background/A_CompleteSpaceBackground.png
  artifactKey: Guid(bef27f2a0099c6c46909640d0115b1e5) Importer(815301076,1909f56bfc062723c751e8b465ee728b)
Start importing Assets/Art/Environment/Background/A_CompleteSpaceBackground.png using Guid(bef27f2a0099c6c46909640d0115b1e5) Importer(815301076,1909f56bfc062723c751e8b465ee728b)  -> (artifact id: '6bf1ba5d0d9f698d271a182b51a338bf') in 0.035134 seconds 
  Import took 0.043661 seconds .

========================================================================
Received Import Request.
  Time since last request: 0.000401 seconds.
  path: Assets/Art/Environment/Planets/Small/Small_FrozenPlanet.png
  artifactKey: Guid(ec9d6db8d1768bc418d07b141cb70851) Importer(815301076,1909f56bfc062723c751e8b465ee728b)
Start importing Assets/Art/Environment/Planets/Small/Small_FrozenPlanet.png using Guid(ec9d6db8d1768bc418d07b141cb70851) Importer(815301076,1909f56bfc062723c751e8b465ee728b)  -> (artifact id: '34c785d5bc408f650741b833cfa1bcc2') in 0.034777 seconds 
  Import took 0.042745 seconds .

========================================================================
Received Import Request.
  Time since last request: 0.000358 seconds.
  path: Assets/Art/Environment/Planets/Medium/Medium_RingedRedPlanet.png
  artifactKey: Guid(d0c64af2658d94a4a9dce0d88208e79b) Importer(815301076,1909f56bfc062723c751e8b465ee728b)
Start importing Assets/Art/Environment/Planets/Medium/Medium_RingedRedPlanet.png using Guid(d0c64af2658d94a4a9dce0d88208e79b) Importer(815301076,1909f56bfc062723c751e8b465ee728b)  -> (artifact id: '2d1600a31613f77be59b4b45bda101d0') in 0.033476 seconds 
  Import took 0.040848 seconds .

========================================================================
Received Import Request.
  Time since last request: 0.000382 seconds.
  path: Assets/Art/Environment/Asteroids/Asteroid_4.png
  artifactKey: Guid(84c7537114d1a294185c029cec7fa934) Importer(815301076,1909f56bfc062723c751e8b465ee728b)
Start importing Assets/Art/Environment/Asteroids/Asteroid_4.png using Guid(84c7537114d1a294185c029cec7fa934) Importer(815301076,1909f56bfc062723c751e8b465ee728b)  -> (artifact id: 'b8a2053d396e12ffda386288091d1aa6') in 0.033691 seconds 
  Import took 0.041473 seconds .

========================================================================
Received Import Request.
  Time since last request: 0.000397 seconds.
  path: Assets/Art/Environment/Planets/Big/Big_BlueFrozenPlanet.png
  artifactKey: Guid(4a95492d114cfd94d8be5a000e114cdd) Importer(815301076,1909f56bfc062723c751e8b465ee728b)
Start importing Assets/Art/Environment/Planets/Big/Big_BlueFrozenPlanet.png using Guid(4a95492d114cfd94d8be5a000e114cdd) Importer(815301076,1909f56bfc062723c751e8b465ee728b)  -> (artifact id: '2cce5216e49488dfa24caa1ee05cbcde') in 0.038979 seconds 
  Import took 0.046862 seconds .

========================================================================
Received Import Request.
  Time since last request: 0.000460 seconds.
  path: Assets/Art/Environment/Space_Stations/SolarSpaceStation.png
  artifactKey: Guid(c12e0117f1ecad04d913d45d26b98a5f) Importer(815301076,1909f56bfc062723c751e8b465ee728b)
Start importing Assets/Art/Environment/Space_Stations/SolarSpaceStation.png using Guid(c12e0117f1ecad04d913d45d26b98a5f) Importer(815301076,1909f56bfc062723c751e8b465ee728b)  -> (artifact id: '47fc04025c076c1648ed31bdc477d006') in 0.031022 seconds 
  Import took 0.038951 seconds .

========================================================================
Received Import Request.
  Time since last request: 0.000344 seconds.
  path: Assets/Art/Environment/Black_Holes/Big_Blackhole.png
  artifactKey: Guid(6084498359159bc46baa494b24847315) Importer(815301076,1909f56bfc062723c751e8b465ee728b)
Start importing Assets/Art/Environment/Black_Holes/Big_Blackhole.png using Guid(6084498359159bc46baa494b24847315) Importer(815301076,1909f56bfc062723c751e8b465ee728b)  -> (artifact id: 'd36c00fa68dc2ceca09b3ee2e1d58373') in 0.055793 seconds 
  Import took 0.063160 seconds .

========================================================================
Received Prepare
Refreshing native plugins compatible for Editor in 22.39 ms, found 3 plugins.
Preloading 0 native plugins for Editor in 0.00 ms.
Unloading 19 Unused Serialized files (Serialized files now loaded: 0)
System memory in use before: 61.2 MB.
System memory in use after: 61.3 MB.

Unloading 19 unused Assets to reduce memory usage. Loaded Objects now: 2889.
Total: 9.214700 ms (FindLiveObjects: 0.613700 ms CreateObjectMapping: 0.194600 ms MarkObjects: 8.082200 ms  DeleteObjects: 0.321000 ms)

AssetImportParameters requested are different than current active one (requested -> active):
  custom:framework-win-MediaFoundation: 216162199b28c13a410421893ffa2e32 -> 
  custom:video-decoder-ogg-theora: a1e56fd34408186e4bbccfd4996cb3dc -> 
  custom:container-muxer-webm: aa71ff27fc2769a1b78a27578f13a17b -> 
  custom:container-demuxer-webm: 4f35f7cbe854078d1ac9338744f61a02 -> 
  custom:container-demuxer-ogg: 62fdf1f143b41e24485cea50d1cbac27 -> 
  custom:video-encoder-webm-vp8: eb34c28f22e8b96e1ab97ce403110664 -> 
  custom:video-decoder-webm-vp8: 9c59270c3fd7afecdb556c50c9e8de78 -> 
  custom:audio-decoder-ogg-vorbis: bf7c407c2cedff20999df2af8eb42d56 -> 
  custom:audio-encoder-webm-vorbis: bf7c407c2cedff20999df2af8eb42d56 -> 
========================================================================
Received Prepare
Refreshing native plugins compatible for Editor in 7.30 ms, found 3 plugins.
Preloading 0 native plugins for Editor in 0.00 ms.
Unloading 19 Unused Serialized files (Serialized files now loaded: 0)
System memory in use before: 61.2 MB.
System memory in use after: 61.3 MB.

Unloading 19 unused Assets to reduce memory usage. Loaded Objects now: 2889.
Total: 6.913000 ms (FindLiveObjects: 0.551200 ms CreateObjectMapping: 0.211800 ms MarkObjects: 5.911900 ms  DeleteObjects: 0.235500 ms)

AssetImportParameters requested are different than current active one (requested -> active):
  custom:framework-win-MediaFoundation: 216162199b28c13a410421893ffa2e32 -> 
  custom:video-decoder-ogg-theora: a1e56fd34408186e4bbccfd4996cb3dc -> 
  custom:container-muxer-webm: aa71ff27fc2769a1b78a27578f13a17b -> 
  custom:container-demuxer-webm: 4f35f7cbe854078d1ac9338744f61a02 -> 
  custom:container-demuxer-ogg: 62fdf1f143b41e24485cea50d1cbac27 -> 
  custom:video-encoder-webm-vp8: eb34c28f22e8b96e1ab97ce403110664 -> 
  custom:video-decoder-webm-vp8: 9c59270c3fd7afecdb556c50c9e8de78 -> 
  custom:audio-decoder-ogg-vorbis: bf7c407c2cedff20999df2af8eb42d56 -> 
  custom:audio-encoder-webm-vorbis: bf7c407c2cedff20999df2af8eb42d56 -> 
========================================================================
Received Prepare
Registering precompiled user dll's ...
Registered in 0.007420 seconds.
Begin MonoManager ReloadAssembly
Native extension for LinuxStandalone target not found
Native extension for WindowsStandalone target not found
Native extension for OSXStandalone target not found
Native extension for WebGL target not found
Refreshing native plugins compatible for Editor in 1.29 ms, found 3 plugins.
Preloading 0 native plugins for Editor in 0.00 ms.
Mono: successfully reloaded assembly
- Completed reload, in  2.803 seconds
Domain Reload Profiling:
	ReloadAssembly (2804ms)
		BeginReloadAssembly (430ms)
			ExecutionOrderSort (0ms)
			DisableScriptedObjects (12ms)
			BackupInstance (0ms)
			ReleaseScriptingObjects (0ms)
			CreateAndSetChildDomain (126ms)
		EndReloadAssembly (2191ms)
			LoadAssemblies (317ms)
			RebuildTransferFunctionScriptingTraits (0ms)
			SetupTypeCache (727ms)
			ReleaseScriptCaches (2ms)
			RebuildScriptCaches (94ms)
			SetupLoadedEditorAssemblies (922ms)
				LogAssemblyErrors (0ms)
				InitializePlatformSupportModulesInManaged (15ms)
				SetLoadedEditorAssemblies (1ms)
				RefreshPlugins (1ms)
				BeforeProcessingInitializeOnLoad (174ms)
				ProcessInitializeOnLoadAttributes (703ms)
				ProcessInitializeOnLoadMethodAttributes (14ms)
				AfterProcessingInitializeOnLoad (14ms)
				EditorAssembliesLoaded (0ms)
			ExecutionOrderSort2 (0ms)
			AwakeInstancesAfterBackupRestoration (24ms)
Platform modules already initialized, skipping
Refreshing native plugins compatible for Editor in 0.98 ms, found 3 plugins.
Preloading 0 native plugins for Editor in 0.00 ms.
Unloading 2413 Unused Serialized files (Serialized files now loaded: 0)
System memory in use before: 108.5 MB.
System memory in use after: 108.6 MB.

Unloading 21 unused Assets to reduce memory usage. Loaded Objects now: 2892.
Total: 6.323500 ms (FindLiveObjects: 0.425200 ms CreateObjectMapping: 0.112200 ms MarkObjects: 5.547300 ms  DeleteObjects: 0.236100 ms)

AssetImportParameters requested are different than current active one (requested -> active):
  custom:framework-win-MediaFoundation: 216162199b28c13a410421893ffa2e32 -> 
  custom:video-decoder-ogg-theora: a1e56fd34408186e4bbccfd4996cb3dc -> 
  custom:container-muxer-webm: aa71ff27fc2769a1b78a27578f13a17b -> 
  custom:container-demuxer-webm: 4f35f7cbe854078d1ac9338744f61a02 -> 
  custom:container-demuxer-ogg: 62fdf1f143b41e24485cea50d1cbac27 -> 
  custom:video-encoder-webm-vp8: eb34c28f22e8b96e1ab97ce403110664 -> 
  custom:video-decoder-webm-vp8: 9c59270c3fd7afecdb556c50c9e8de78 -> 
  custom:audio-decoder-ogg-vorbis: bf7c407c2cedff20999df2af8eb42d56 -> 
  custom:audio-encoder-webm-vorbis: bf7c407c2cedff20999df2af8eb42d56 -> 
========================================================================
Received Prepare
Refreshing native plugins compatible for Editor in 12.23 ms, found 3 plugins.
Preloading 0 native plugins for Editor in 0.00 ms.
Unloading 19 Unused Serialized files (Serialized files now loaded: 0)
System memory in use before: 61.2 MB.
System memory in use after: 61.3 MB.

Unloading 19 unused Assets to reduce memory usage. Loaded Objects now: 2892.
Total: 7.996300 ms (FindLiveObjects: 0.677000 ms CreateObjectMapping: 0.279200 ms MarkObjects: 6.730700 ms  DeleteObjects: 0.306000 ms)

AssetImportParameters requested are different than current active one (requested -> active):
  custom:framework-win-MediaFoundation: 216162199b28c13a410421893ffa2e32 -> 
  custom:video-decoder-ogg-theora: a1e56fd34408186e4bbccfd4996cb3dc -> 
  custom:container-muxer-webm: aa71ff27fc2769a1b78a27578f13a17b -> 
  custom:container-demuxer-webm: 4f35f7cbe854078d1ac9338744f61a02 -> 
  custom:container-demuxer-ogg: 62fdf1f143b41e24485cea50d1cbac27 -> 
  custom:video-encoder-webm-vp8: eb34c28f22e8b96e1ab97ce403110664 -> 
  custom:video-decoder-webm-vp8: 9c59270c3fd7afecdb556c50c9e8de78 -> 
  custom:audio-decoder-ogg-vorbis: bf7c407c2cedff20999df2af8eb42d56 -> 
  custom:audio-encoder-webm-vorbis: bf7c407c2cedff20999df2af8eb42d56 -> 
========================================================================
Received Prepare
Registering precompiled user dll's ...
Registered in 0.007557 seconds.
Begin MonoManager ReloadAssembly
Native extension for LinuxStandalone target not found
Native extension for WindowsStandalone target not found
Native extension for OSXStandalone target not found
Native extension for WebGL target not found
Refreshing native plugins compatible for Editor in 0.99 ms, found 3 plugins.
Preloading 0 native plugins for Editor in 0.00 ms.
Mono: successfully reloaded assembly
- Completed reload, in  2.771 seconds
Domain Reload Profiling:
	ReloadAssembly (2772ms)
		BeginReloadAssembly (371ms)
			ExecutionOrderSort (0ms)
			DisableScriptedObjects (13ms)
			BackupInstance (0ms)
			ReleaseScriptingObjects (0ms)
			CreateAndSetChildDomain (111ms)
		EndReloadAssembly (2252ms)
			LoadAssemblies (292ms)
			RebuildTransferFunctionScriptingTraits (0ms)
			SetupTypeCache (659ms)
			ReleaseScriptCaches (2ms)
			RebuildScriptCaches (102ms)
			SetupLoadedEditorAssemblies (998ms)
				LogAssemblyErrors (0ms)
				InitializePlatformSupportModulesInManaged (14ms)
				SetLoadedEditorAssemblies (1ms)
				RefreshPlugins (1ms)
				BeforeProcessingInitializeOnLoad (175ms)
				ProcessInitializeOnLoadAttributes (778ms)
				ProcessInitializeOnLoadMethodAttributes (13ms)
				AfterProcessingInitializeOnLoad (16ms)
				EditorAssembliesLoaded (0ms)
			ExecutionOrderSort2 (0ms)
			AwakeInstancesAfterBackupRestoration (36ms)
Platform modules already initialized, skipping
Switching build target platform(19) subTarget(0) extendedPlatform(0) -> platform(13) subTarget(537395200) extendedPlatform(0)
Refreshing native plugins compatible for Editor in 1.30 ms, found 3 plugins.
Preloading 0 native plugins for Editor in 0.00 ms.
Unloading 2417 Unused Serialized files (Serialized files now loaded: 0)
System memory in use before: 108.6 MB.
System memory in use after: 108.7 MB.

Unloading 21 unused Assets to reduce memory usage. Loaded Objects now: 2895.
Total: 6.170700 ms (FindLiveObjects: 0.479000 ms CreateObjectMapping: 0.118200 ms MarkObjects: 5.301600 ms  DeleteObjects: 0.263900 ms)

AssetImportParameters requested are different than current active one (requested -> active):
  custom:framework-win-MediaFoundation: 216162199b28c13a410421893ffa2e32 -> 
  custom:video-decoder-ogg-theora: a1e56fd34408186e4bbccfd4996cb3dc -> 
  custom:container-muxer-webm: aa71ff27fc2769a1b78a27578f13a17b -> 
  custom:container-demuxer-webm: 4f35f7cbe854078d1ac9338744f61a02 -> 
  custom:container-demuxer-ogg: 62fdf1f143b41e24485cea50d1cbac27 -> 
  custom:video-encoder-webm-vp8: eb34c28f22e8b96e1ab97ce403110664 -> 
  custom:video-decoder-webm-vp8: 9c59270c3fd7afecdb556c50c9e8de78 -> 
  custom:graphics/normal-map-encoding: 01000000000000000000000000000000 -> 02000000000000000000000000000000
  custom:audio-decoder-ogg-vorbis: bf7c407c2cedff20999df2af8eb42d56 -> 
  custom:audio-encoder-webm-vorbis: bf7c407c2cedff20999df2af8eb42d56 -> 
========================================================================
Received Prepare
Refreshing native plugins compatible for Editor in 14.75 ms, found 3 plugins.
Preloading 0 native plugins for Editor in 0.00 ms.
Unloading 19 Unused Serialized files (Serialized files now loaded: 0)
System memory in use before: 61.3 MB.
System memory in use after: 61.3 MB.

Unloading 19 unused Assets to reduce memory usage. Loaded Objects now: 2895.
Total: 10.407800 ms (FindLiveObjects: 0.555000 ms CreateObjectMapping: 0.234200 ms MarkObjects: 9.159000 ms  DeleteObjects: 0.455000 ms)

AssetImportParameters requested are different than current active one (requested -> active):
  custom:framework-win-MediaFoundation: 216162199b28c13a410421893ffa2e32 -> 
  custom:video-decoder-ogg-theora: a1e56fd34408186e4bbccfd4996cb3dc -> 
  custom:container-muxer-webm: aa71ff27fc2769a1b78a27578f13a17b -> 
  custom:container-demuxer-webm: 4f35f7cbe854078d1ac9338744f61a02 -> 
  custom:container-demuxer-ogg: 62fdf1f143b41e24485cea50d1cbac27 -> 
  custom:video-encoder-webm-vp8: eb34c28f22e8b96e1ab97ce403110664 -> 
  custom:video-decoder-webm-vp8: 9c59270c3fd7afecdb556c50c9e8de78 -> 
  custom:audio-decoder-ogg-vorbis: bf7c407c2cedff20999df2af8eb42d56 -> 
  custom:audio-encoder-webm-vorbis: bf7c407c2cedff20999df2af8eb42d56 -> 
========================================================================
Received Import Request.
  Time since last request: 992.371144 seconds.
  path: ProjectSettings/ProjectSettings.asset
  artifactKey: Guid(00000000000000004000000000000000) Importer(815301076,1909f56bfc062723c751e8b465ee728b)
Start importing ProjectSettings/ProjectSettings.asset using Guid(00000000000000004000000000000000) Importer(815301076,1909f56bfc062723c751e8b465ee728b)  -> (artifact id: '6abd16f3fe9b39fc393aa7e17c8f7768') in 0.044675 seconds 
  Import took 0.053187 seconds .

========================================================================
Received Import Request.
  Time since last request: 0.055263 seconds.
  path: ProjectSettings/ProjectSettings.asset
  artifactKey: Guid(00000000000000004000000000000000) Importer(815301076,1909f56bfc062723c751e8b465ee728b)
Start importing ProjectSettings/ProjectSettings.asset using Guid(00000000000000004000000000000000) Importer(815301076,1909f56bfc062723c751e8b465ee728b)  -> (artifact id: '6abd16f3fe9b39fc393aa7e17c8f7768') in 0.011554 seconds 
  Import took 0.022591 seconds .

========================================================================
Received Import Request.
  Time since last request: 97.871026 seconds.
  path: Assets/Art/Environment/Background/A_CompleteSpaceBackground.png
  artifactKey: Guid(bef27f2a0099c6c46909640d0115b1e5) Importer(815301076,1909f56bfc062723c751e8b465ee728b)
Start importing Assets/Art/Environment/Background/A_CompleteSpaceBackground.png using Guid(bef27f2a0099c6c46909640d0115b1e5) Importer(815301076,1909f56bfc062723c751e8b465ee728b)  -> (artifact id: '77c6f46f13c7f754a03d5f77909b8fc0') in 0.116742 seconds 
  Import took 0.124741 seconds .

========================================================================
Received Import Request.
  Time since last request: 0.000357 seconds.
  path: Assets/Art/Enemies/Diagonal Shooter/DShoot Sprites.png
  artifactKey: Guid(35293284ff3944d4d8c1f7ca980df347) Importer(815301076,1909f56bfc062723c751e8b465ee728b)
Start importing Assets/Art/Enemies/Diagonal Shooter/DShoot Sprites.png using Guid(35293284ff3944d4d8c1f7ca980df347) Importer(815301076,1909f56bfc062723c751e8b465ee728b)  -> (artifact id: 'b2aa13f8a4ed7f9db9bc37a33fb2b9e5') in 0.052220 seconds 
  Import took 0.060834 seconds .

========================================================================
Received Import Request.
  Time since last request: 0.000498 seconds.
  path: Assets/Art/Environment/Nebula/B_NebulaWithStars.png
  artifactKey: Guid(b4e3ebc3a3adfaf4b8d4dc5b6ac88c2d) Importer(815301076,1909f56bfc062723c751e8b465ee728b)
Start importing Assets/Art/Environment/Nebula/B_NebulaWithStars.png using Guid(b4e3ebc3a3adfaf4b8d4dc5b6ac88c2d) Importer(815301076,1909f56bfc062723c751e8b465ee728b)  -> (artifact id: 'faa1566da1fbc0c3ba4b5cd391520eba') in 0.034550 seconds 
  Import took 0.048805 seconds .

========================================================================
Received Import Request.
  Time since last request: 0.000484 seconds.
  path: Assets/Art/Environment/Space_Stations/AlienSpaceStation.png
  artifactKey: Guid(6122e7d6bb61d574088b0d5cfe631cee) Importer(815301076,1909f56bfc062723c751e8b465ee728b)
Start importing Assets/Art/Environment/Space_Stations/AlienSpaceStation.png using Guid(6122e7d6bb61d574088b0d5cfe631cee) Importer(815301076,1909f56bfc062723c751e8b465ee728b)  -> (artifact id: 'df49f99ba9111de9776b612612bde468') in 0.033502 seconds 
  Import took 0.039427 seconds .

========================================================================
Received Import Request.
  Time since last request: 0.000426 seconds.
  path: Assets/Art/Environment/BlackBackground.png
  artifactKey: Guid(f70734a85c284da42bec06ccedce9090) Importer(815301076,1909f56bfc062723c751e8b465ee728b)
Start importing Assets/Art/Environment/BlackBackground.png using Guid(f70734a85c284da42bec06ccedce9090) Importer(815301076,1909f56bfc062723c751e8b465ee728b)  -> (artifact id: '3ae597d09417675401101614ebe59377') in 0.049000 seconds 
  Import took 0.055232 seconds .

========================================================================
Received Import Request.
  Time since last request: 0.000461 seconds.
  path: Assets/Art/Environment/Planets/Big/BigRedPlanet.png
  artifactKey: Guid(1482be5ae96b10b4591a43ea2814ff44) Importer(815301076,1909f56bfc062723c751e8b465ee728b)
Start importing Assets/Art/Environment/Planets/Big/BigRedPlanet.png using Guid(1482be5ae96b10b4591a43ea2814ff44) Importer(815301076,1909f56bfc062723c751e8b465ee728b)  -> (artifact id: '314a42a379c9032f1e53d7907e2b2a3d') in 0.030419 seconds 
  Import took 0.038842 seconds .

========================================================================
Received Import Request.
  Time since last request: 0.000498 seconds.
  path: Assets/Art/Environment/Background/D_CompleteSpaceBackground.png
  artifactKey: Guid(83a6485a1f622b84698ed5c290185857) Importer(815301076,1909f56bfc062723c751e8b465ee728b)
Start importing Assets/Art/Environment/Background/D_CompleteSpaceBackground.png using Guid(83a6485a1f622b84698ed5c290185857) Importer(815301076,1909f56bfc062723c751e8b465ee728b)  -> (artifact id: '309491dd06ab864b62a367cf78392a75') in 0.039172 seconds 
  Import took 0.050517 seconds .

========================================================================
Received Import Request.
  Time since last request: 0.000441 seconds.
  path: Assets/Art/Enemies/Enemy Explosion.png
  artifactKey: Guid(790dc606b14380e438b0f28615f3320d) Importer(815301076,1909f56bfc062723c751e8b465ee728b)
Start importing Assets/Art/Enemies/Enemy Explosion.png using Guid(790dc606b14380e438b0f28615f3320d) Importer(815301076,1909f56bfc062723c751e8b465ee728b)  -> (artifact id: '775bc07e4c0d93a60ec83e8d207c8c75') in 0.052238 seconds 
  Import took 0.059921 seconds .

========================================================================
Received Import Request.
  Time since last request: 0.000358 seconds.
  path: Assets/Art/Environment/Planets/Medium/Medium_DryPlanet.png
  artifactKey: Guid(6d71081ad7e16e14eb017e1c476b26c1) Importer(815301076,1909f56bfc062723c751e8b465ee728b)
Start importing Assets/Art/Environment/Planets/Medium/Medium_DryPlanet.png using Guid(6d71081ad7e16e14eb017e1c476b26c1) Importer(815301076,1909f56bfc062723c751e8b465ee728b)  -> (artifact id: '28c12f7fc35e2481c68945dac4240ec9') in 0.026099 seconds 
  Import took 0.033228 seconds .

========================================================================
Received Import Request.
  Time since last request: 0.000369 seconds.
  path: Assets/Art/Environment/Planets/Medium/Medium_GreyPlanet.png
  artifactKey: Guid(8da5428f56edaf849afef08e28efb21f) Importer(815301076,1909f56bfc062723c751e8b465ee728b)
Start importing Assets/Art/Environment/Planets/Medium/Medium_GreyPlanet.png using Guid(8da5428f56edaf849afef08e28efb21f) Importer(815301076,1909f56bfc062723c751e8b465ee728b)  -> (artifact id: '7a362f526364745cb5628f91b52f112f') in 0.024134 seconds 
  Import took 0.030594 seconds .

========================================================================
Received Import Request.
  Time since last request: 0.000467 seconds.
  path: Assets/Art/Environment/Asteroids/Asteroid_2.png
  artifactKey: Guid(8cd1ce63671ab5f48befe7ba355731fb) Importer(815301076,1909f56bfc062723c751e8b465ee728b)
Start importing Assets/Art/Environment/Asteroids/Asteroid_2.png using Guid(8cd1ce63671ab5f48befe7ba355731fb) Importer(815301076,1909f56bfc062723c751e8b465ee728b)  -> (artifact id: '8e1f289dd06d04577363e5ec102c0961') in 0.027970 seconds 
  Import took 0.034675 seconds .

========================================================================
Received Import Request.
  Time since last request: 0.000439 seconds.
  path: Assets/Art/Projectiles/Enemy Projectiles/Straight Projectile/Enemy_StraightProjectile.png
  artifactKey: Guid(e7e0a76a7d54dde42b1f5560acf51139) Importer(815301076,1909f56bfc062723c751e8b465ee728b)
Start importing Assets/Art/Projectiles/Enemy Projectiles/Straight Projectile/Enemy_StraightProjectile.png using Guid(e7e0a76a7d54dde42b1f5560acf51139) Importer(815301076,1909f56bfc062723c751e8b465ee728b)  -> (artifact id: '0bd40178788bd6a062d8972c37402259') in 0.052698 seconds 
  Import took 0.060135 seconds .

========================================================================
Received Import Request.
  Time since last request: 0.000386 seconds.
  path: Assets/Art/Environment/Planets/Big/BigBluePlanet.png
  artifactKey: Guid(5a447b005acf82d4fb1296bf3d965075) Importer(815301076,1909f56bfc062723c751e8b465ee728b)
Start importing Assets/Art/Environment/Planets/Big/BigBluePlanet.png using Guid(5a447b005acf82d4fb1296bf3d965075) Importer(815301076,1909f56bfc062723c751e8b465ee728b)  -> (artifact id: 'f6b928e9ac9b43edb857289d3e965252') in 0.027094 seconds 
  Import took 0.034828 seconds .

========================================================================
Received Import Request.
  Time since last request: 0.000572 seconds.
  path: Assets/Art/Environment/Background/C_CompleteSpaceBackground.png
  artifactKey: Guid(fef74fd6848227d4cb2c7dc988158669) Importer(815301076,1909f56bfc062723c751e8b465ee728b)
Start importing Assets/Art/Environment/Background/C_CompleteSpaceBackground.png using Guid(fef74fd6848227d4cb2c7dc988158669) Importer(815301076,1909f56bfc062723c751e8b465ee728b)  -> (artifact id: '818f17ce0fa0b6e6c67ffc51001aaebc') in 0.028181 seconds 
  Import took 0.034703 seconds .

========================================================================
Received Import Request.
  Time since last request: 0.000374 seconds.
  path: Assets/Art/Enemies/Chaser/Chaser Sprites.png
  artifactKey: Guid(f33c91ee715a39d448ef7f030babf230) Importer(815301076,1909f56bfc062723c751e8b465ee728b)
Start importing Assets/Art/Enemies/Chaser/Chaser Sprites.png using Guid(f33c91ee715a39d448ef7f030babf230) Importer(815301076,1909f56bfc062723c751e8b465ee728b)  -> (artifact id: 'bb9882e1e7d73f113d742aa4aeb82c4d') in 0.037318 seconds 
  Import took 0.044052 seconds .

========================================================================
Received Import Request.
  Time since last request: 0.000440 seconds.
  path: Assets/Art/Environment/Background/B_CompleteSpaceBackground.png
  artifactKey: Guid(670b9d84f6f86e74a8359716542dbc0b) Importer(815301076,1909f56bfc062723c751e8b465ee728b)
Start importing Assets/Art/Environment/Background/B_CompleteSpaceBackground.png using Guid(670b9d84f6f86e74a8359716542dbc0b) Importer(815301076,1909f56bfc062723c751e8b465ee728b)  -> (artifact id: '61efeac3c51bd2c61b7582e46484626d') in 0.032355 seconds 
  Import took 0.038595 seconds .

========================================================================
Received Import Request.
  Time since last request: 0.000496 seconds.
  path: Assets/Art/Environment/Nebula/C_NebulaWithStars.png
  artifactKey: Guid(e2a79297fd9ed5a419bff78a94576cdd) Importer(815301076,1909f56bfc062723c751e8b465ee728b)
Start importing Assets/Art/Environment/Nebula/C_NebulaWithStars.png using Guid(e2a79297fd9ed5a419bff78a94576cdd) Importer(815301076,1909f56bfc062723c751e8b465ee728b)  -> (artifact id: '8dbc8ce9954c3b7d99d07f5911cdc9b2') in 0.031088 seconds 
  Import took 0.038629 seconds .

========================================================================
Received Import Request.
  Time since last request: 0.000573 seconds.
  path: Assets/Art/Environment/Asteroids/Asteroid_1.png
  artifactKey: Guid(2ccba72608070304e92cd97ed9e5bce8) Importer(815301076,1909f56bfc062723c751e8b465ee728b)
Start importing Assets/Art/Environment/Asteroids/Asteroid_1.png using Guid(2ccba72608070304e92cd97ed9e5bce8) Importer(815301076,1909f56bfc062723c751e8b465ee728b)  -> (artifact id: '09c890a60d273333a64c69a6c5d4c784') in 0.025024 seconds 
  Import took 0.032855 seconds .

========================================================================
Received Import Request.
  Time since last request: 0.000387 seconds.
  path: Assets/Art/Projectiles/Enemy Projectiles/Diagonal Projectile/Enemy_DiagonalProjectile.png
  artifactKey: Guid(829802171728a9c45b9320eabb446083) Importer(815301076,1909f56bfc062723c751e8b465ee728b)
Start importing Assets/Art/Projectiles/Enemy Projectiles/Diagonal Projectile/Enemy_DiagonalProjectile.png using Guid(829802171728a9c45b9320eabb446083) Importer(815301076,1909f56bfc062723c751e8b465ee728b)  -> (artifact id: '20fa20ca1c72b945844b7cb9dcce80c6') in 0.033944 seconds 
  Import took 0.040858 seconds .

========================================================================
Received Import Request.
  Time since last request: 0.000446 seconds.
  path: Assets/Art/Environment/Nebula/A_NebulaWithStars.png
  artifactKey: Guid(2e89434afebd11c448fc78c161edf2ac) Importer(815301076,1909f56bfc062723c751e8b465ee728b)
Start importing Assets/Art/Environment/Nebula/A_NebulaWithStars.png using Guid(2e89434afebd11c448fc78c161edf2ac) Importer(815301076,1909f56bfc062723c751e8b465ee728b)  -> (artifact id: '2d1d1832a701957ef07a1aca3e1ef9ba') in 0.025306 seconds 
  Import took 0.031134 seconds .

========================================================================
Received Import Request.
  Time since last request: 0.000566 seconds.
  path: Assets/Art/Environment/Planets/Medium/Medium_BluePlanet.png
  artifactKey: Guid(51862a871a02b3a44a68817ccc5ddb5b) Importer(815301076,1909f56bfc062723c751e8b465ee728b)
Start importing Assets/Art/Environment/Planets/Medium/Medium_BluePlanet.png using Guid(51862a871a02b3a44a68817ccc5ddb5b) Importer(815301076,1909f56bfc062723c751e8b465ee728b)  -> (artifact id: '74230a982d4bcf4443837bf313bd7a1f') in 0.029045 seconds 
  Import took 0.036202 seconds .

========================================================================
Received Import Request.
  Time since last request: 0.000478 seconds.
  path: Assets/Art/Environment/Black_Holes/MoreAccurate_Blackhole.png
  artifactKey: Guid(c68b01210d6bdea4699de6158a3aeca2) Importer(815301076,1909f56bfc062723c751e8b465ee728b)
Start importing Assets/Art/Environment/Black_Holes/MoreAccurate_Blackhole.png using Guid(c68b01210d6bdea4699de6158a3aeca2) Importer(815301076,1909f56bfc062723c751e8b465ee728b)  -> (artifact id: 'dfd0443d504e0352e5bef86f113654b3') in 0.034338 seconds 
  Import took 0.042327 seconds .

========================================================================
Received Import Request.
  Time since last request: 0.000435 seconds.
  path: Assets/Art/Environment/Asteroids/Asteroid_3.png
  artifactKey: Guid(b84f96fadef25e248a3fef5b3c23a17b) Importer(815301076,1909f56bfc062723c751e8b465ee728b)
Start importing Assets/Art/Environment/Asteroids/Asteroid_3.png using Guid(b84f96fadef25e248a3fef5b3c23a17b) Importer(815301076,1909f56bfc062723c751e8b465ee728b)  -> (artifact id: 'a71b1b79978c67521f1992367941adb8') in 0.025657 seconds 
  Import took 0.031564 seconds .

========================================================================
Received Import Request.
  Time since last request: 0.000360 seconds.
  path: Assets/Art/Environment/Planets/Medium/Medium_RingedRedPlanet.png
  artifactKey: Guid(d0c64af2658d94a4a9dce0d88208e79b) Importer(815301076,1909f56bfc062723c751e8b465ee728b)
Start importing Assets/Art/Environment/Planets/Medium/Medium_RingedRedPlanet.png using Guid(d0c64af2658d94a4a9dce0d88208e79b) Importer(815301076,1909f56bfc062723c751e8b465ee728b)  -> (artifact id: '6f59e6285703fb459d9be38a4c371b07') in 0.026659 seconds 
  Import took 0.033098 seconds .

========================================================================
Received Import Request.
  Time since last request: 0.000495 seconds.
  path: Assets/Art/Environment/Asteroids/Asteroid_4.png
  artifactKey: Guid(84c7537114d1a294185c029cec7fa934) Importer(815301076,1909f56bfc062723c751e8b465ee728b)
Start importing Assets/Art/Environment/Asteroids/Asteroid_4.png using Guid(84c7537114d1a294185c029cec7fa934) Importer(815301076,1909f56bfc062723c751e8b465ee728b)  -> (artifact id: '32138ed44d35649103390138f6871b03') in 0.030766 seconds 
  Import took 0.038296 seconds .

========================================================================
Received Import Request.
  Time since last request: 0.000473 seconds.
  path: Assets/Art/Environment/Planets/Big/Big_BlueFrozenPlanet.png
  artifactKey: Guid(4a95492d114cfd94d8be5a000e114cdd) Importer(815301076,1909f56bfc062723c751e8b465ee728b)
Start importing Assets/Art/Environment/Planets/Big/Big_BlueFrozenPlanet.png using Guid(4a95492d114cfd94d8be5a000e114cdd) Importer(815301076,1909f56bfc062723c751e8b465ee728b)  -> (artifact id: '1908ce58468f40e1d954d0017746c9ff') in 0.035788 seconds 
  Import took 0.044299 seconds .

========================================================================
Received Import Request.
  Time since last request: 0.000387 seconds.
  path: Assets/Art/Environment/Black_Holes/Big_Blackhole.png
  artifactKey: Guid(6084498359159bc46baa494b24847315) Importer(815301076,1909f56bfc062723c751e8b465ee728b)
Start importing Assets/Art/Environment/Black_Holes/Big_Blackhole.png using Guid(6084498359159bc46baa494b24847315) Importer(815301076,1909f56bfc062723c751e8b465ee728b)  -> (artifact id: 'f044d106028dccded14b16e8e263685f') in 0.030323 seconds 
  Import took 0.038085 seconds .

========================================================================
Received Import Request.
  Time since last request: 34.863019 seconds.
  path: ProjectSettings/ProjectSettings.asset
  artifactKey: Guid(00000000000000004000000000000000) Importer(815301076,1909f56bfc062723c751e8b465ee728b)
Start importing ProjectSettings/ProjectSettings.asset using Guid(00000000000000004000000000000000) Importer(815301076,1909f56bfc062723c751e8b465ee728b)  -> (artifact id: 'bd8773eeb406db904ade9902d85fe3e7') in 0.011132 seconds 
  Import took 0.022574 seconds .

========================================================================
Received Import Request.
  Time since last request: 14.082561 seconds.
  path: ProjectSettings/ProjectSettings.asset
  artifactKey: Guid(00000000000000004000000000000000) Importer(815301076,1909f56bfc062723c751e8b465ee728b)
Start importing ProjectSettings/ProjectSettings.asset using Guid(00000000000000004000000000000000) Importer(815301076,1909f56bfc062723c751e8b465ee728b)  -> (artifact id: '5d360d01c707d38659a1737b652e3726') in 0.011329 seconds 
  Import took 0.021181 seconds .

========================================================================
Received Import Request.
  Time since last request: 28.404170 seconds.
  path: ProjectSettings/ProjectSettings.asset
  artifactKey: Guid(00000000000000004000000000000000) Importer(815301076,1909f56bfc062723c751e8b465ee728b)
Start importing ProjectSettings/ProjectSettings.asset using Guid(00000000000000004000000000000000) Importer(815301076,1909f56bfc062723c751e8b465ee728b)  -> (artifact id: '3209602a0adf304b27e13762168b7903') in 0.009008 seconds 
  Import took 0.017136 seconds .

========================================================================
Received Prepare
Refreshing native plugins compatible for Editor in 7.89 ms, found 3 plugins.
Preloading 0 native plugins for Editor in 0.00 ms.
Unloading 19 Unused Serialized files (Serialized files now loaded: 0)
System memory in use before: 61.7 MB.
System memory in use after: 61.8 MB.

Unloading 24 unused Assets to reduce memory usage. Loaded Objects now: 2901.
Total: 9.698600 ms (FindLiveObjects: 0.553200 ms CreateObjectMapping: 0.199100 ms MarkObjects: 8.639600 ms  DeleteObjects: 0.303600 ms)

AssetImportParameters requested are different than current active one (requested -> active):
  custom:framework-win-MediaFoundation: 216162199b28c13a410421893ffa2e32 -> 
  custom:video-decoder-ogg-theora: a1e56fd34408186e4bbccfd4996cb3dc -> 
  custom:container-muxer-webm: aa71ff27fc2769a1b78a27578f13a17b -> 
  custom:container-demuxer-webm: 4f35f7cbe854078d1ac9338744f61a02 -> 
  custom:container-demuxer-ogg: 62fdf1f143b41e24485cea50d1cbac27 -> 
  custom:video-encoder-webm-vp8: eb34c28f22e8b96e1ab97ce403110664 -> 
  custom:video-decoder-webm-vp8: 9c59270c3fd7afecdb556c50c9e8de78 -> 
  custom:audio-decoder-ogg-vorbis: bf7c407c2cedff20999df2af8eb42d56 -> 
  custom:audio-encoder-webm-vorbis: bf7c407c2cedff20999df2af8eb42d56 -> 
AssetImportWorkerClient::OnTransportError - code=2 error=End of file
